<?xml version="1.0" encoding="UTF-8"?>
<!-- Generated by org.testng.reporters.JUnitReportReporter -->
<testsuite hostname="01-011750" failures="0" tests="7" name="testCases.LoginTest" time="11.968" errors="0" timestamp="2025-04-10T13:30:29 IST" skipped="0">
  <testcase classname="testCases.LoginTest" name="validLoginTest" time="4.053"/>
  <testcase classname="testCases.LoginTest" name="blankEmailAndPasswordTest" time="1.310"/>
  <testcase classname="testCases.LoginTest" name="blankEmailTest" time="1.247"/>
  <testcase classname="testCases.LoginTest" name="blankPasswordTest" time="1.366"/>
  <testcase classname="testCases.LoginTest" name="invalidEmailFormatTest" time="0.869"/>
  <testcase classname="testCases.LoginTest" name="userNotExistTest" time="1.498"/>
  <testcase classname="testCases.LoginTest" name="wrongPasswordTest" time="1.625"/>
</testsuite> <!-- testCases.LoginTest -->
