<?xml version="1.0" encoding="UTF-8"?>
<!-- Generated by org.testng.reporters.JUnitReportReporter -->
<testsuite hostname="DESKTOP-B5VVUFM" failures="0" tests="1" name="testCases.CreateTaskTest" time="11.600" errors="0" timestamp="2025-04-11T08:34:35 IST" skipped="0">
  <testcase classname="testCases.CreateTaskTest" name="createTaskWithValidData" time="11.600"/>
</testsuite> <!-- testCases.CreateTaskTest -->
